Build started 20/01/2014 9:39:20 AM.
     1>Project "C:\Users\ASDAD\Documents\Visual Studio 2013\Projects\ConsoleApplication2\ConsoleApplication2.vcxproj" on node 2 (Build target(s)).
     1>Link:
         C:\Program Files\Microsoft Visual Studio 12.0\VC\bin\link.exe /ERRORREPORT:PROMPT /OUT:"C:\Users\ASDAD\Documents\Visual Studio 2013\Projects\ConsoleApplication2\Debug\ConsoleApplication2.exe" /INCREMENTAL /NOLOGO kernel32.lib user32.lib gdi32.lib winspool.lib comdlg32.lib advapi32.lib shell32.lib ole32.lib oleaut32.lib uuid.lib odbc32.lib odbccp32.lib /MANIFEST /MANIFESTUAC:"level='asInvoker' uiAccess='false'" /manifest:embed /DEBUG /PDB:"C:\Users\ASDAD\Documents\Visual Studio 2013\Projects\ConsoleApplication2\Debug\ConsoleApplication2.pdb" /SUBSYSTEM:CONSOLE /TLBID:1 /DYNAMICBASE /NXCOMPAT /IMPLIB:"C:\Users\ASDAD\Documents\Visual Studio 2013\Projects\ConsoleApplication2\Debug\ConsoleApplication2.lib" /MACHINE:X86 Debug\bai.obj
         Debug\Source.obj
     1>Source.obj : error LNK2005: _main already defined in bai.obj
     1>C:\Users\ASDAD\Documents\Visual Studio 2013\Projects\ConsoleApplication2\Debug\ConsoleApplication2.exe : fatal error LNK1169: one or more multiply defined symbols found
     1>Done Building Project "C:\Users\ASDAD\Documents\Visual Studio 2013\Projects\ConsoleApplication2\ConsoleApplication2.vcxproj" (Build target(s)) -- FAILED.

Build FAILED.

Time Elapsed 00:00:00.43
