Build started 12/06/2014 0:18:17.
     1>Project "C:\Users\ASDAD\Documents\Visual Studio 2013\Projects\Large Numbers\Large Numbers.vcxproj" on node 2 (Build target(s)).
     1>ClCompile:
         C:\Program Files\Microsoft Visual Studio 12.0\VC\bin\CL.exe /c /ZI /nologo /W3 /WX- /Od /Oy- /D WIN32 /D _DEBUG /D _CONSOLE /D _LIB /D _UNICODE /D UNICODE /Gm /EHsc /RTC1 /MDd /GS /fp:precise /Zc:wchar_t /Zc:forScope /Fo"Debug\\" /Fd"Debug\vc120.pdb" /Gd /TP /analyze- /errorReport:prompt large_number.cpp main1.cpp
         large_number.cpp
     1>c:\users\asdad\documents\visual studio 2013\projects\large numbers\large_number.cpp(28): error C2660: 'LargeNumber::Length' : function does not take 0 arguments
     1>c:\users\asdad\documents\visual studio 2013\projects\large numbers\large_number.cpp(31): error C2660: 'LargeNumber::Length' : function does not take 0 arguments
         Generating Code...
         Compiling...
         main1.cpp
         Generating Code...
     1>Done Building Project "C:\Users\ASDAD\Documents\Visual Studio 2013\Projects\Large Numbers\Large Numbers.vcxproj" (Build target(s)) -- FAILED.

Build FAILED.

Time Elapsed 00:00:01.48
