Build started 5/21/2014 11:27:02 AM.
     1>Project "D:\GiangDay\TTNT\Examples\BaiTapC2\BaiTapC2\BaiTapC2.vcxproj" on node 2 (Build target(s)).
     1>ClCompile:
         C:\Program Files (x86)\Microsoft Visual Studio 12.0\VC\bin\CL.exe /c /ZI /nologo /W3 /WX- /Od /Oy- /D WIN32 /D _DEBUG /D _CONSOLE /D _LIB /D _UNICODE /D UNICODE /Gm /EHsc /RTC1 /MDd /GS /fp:precise /Zc:wchar_t /Zc:forScope /Fo"Debug\\" /Fd"Debug\vc120.pdb" /Gd /TP /analyze- /errorReport:prompt main.cpp
         main.cpp
     1>d:\giangday\ttnt\examples\baitapc2\baitapc2\main.cpp(16): error C2248: 'HinhTron::banKinh' : cannot access protected member declared in class 'HinhTron'
                 d:\giangday\ttnt\examples\baitapc2\baitapc2\hinhtron.h(9) : see declaration of 'HinhTron::banKinh'
                 d:\giangday\ttnt\examples\baitapc2\baitapc2\hinhtron.h(7) : see declaration of 'HinhTron'
     1>Done Building Project "D:\GiangDay\TTNT\Examples\BaiTapC2\BaiTapC2\BaiTapC2.vcxproj" (Build target(s)) -- FAILED.

Build FAILED.

Time Elapsed 00:00:00.53
